[0.831s] DEBUG:colcon:Command line arguments: ['/home/hema/.local/bin/colcon', 'list', '-p', '--base-paths', '/home/hema/helloSFML/CarSim']
[0.831s] DEBUG:colcon:Parsed command line arguments: Namespace(base_paths=['/home/hema/helloSFML/CarSim'], build_base='build', ignore_user_meta=False, log_base=None, log_level=None, main=<bound method ListVerb.main of <colcon_package_information.verb.list.ListVerb object at 0x7f9cef077d30>>, metas=['./colcon.meta'], names_only=False, packages_above=None, packages_above_depth=None, packages_end=None, packages_ignore=None, packages_ignore_regex=None, packages_select=None, packages_select_build_failed=False, packages_select_by_dep=None, packages_select_regex=None, packages_select_test_failures=False, packages_skip=None, packages_skip_build_finished=False, packages_skip_by_dep=None, packages_skip_regex=None, packages_skip_test_passed=False, packages_skip_up_to=None, packages_start=None, packages_up_to=None, paths=None, paths_only=True, topological_order=False, verb_extension=<colcon_package_information.verb.list.ListVerb object at 0x7f9cef077d30>, verb_name='list', verb_parser=<colcon_defaults.argument_parser.defaults.DefaultArgumentsDecorator object at 0x7f9cef080d68>)
[1.168s] Level 1:colcon.colcon_core.package_discovery:discover_packages(colcon_meta) check parameters
[1.168s] Level 1:colcon.colcon_core.package_discovery:discover_packages(recursive) check parameters
[1.168s] Level 1:colcon.colcon_core.package_discovery:discover_packages(ignore) check parameters
[1.168s] Level 1:colcon.colcon_core.package_discovery:discover_packages(path) check parameters
[1.168s] Level 1:colcon.colcon_core.package_discovery:discover_packages(recursive) discover
[1.169s] INFO:colcon.colcon_core.package_discovery:Crawling recursively for packages in '/home/hema/helloSFML/CarSim'
[1.169s] Level 1:colcon.colcon_core.package_identification:_identify(/home/hema/helloSFML/CarSim) by extensions ['ignore', 'ignore_ament_install']
[1.169s] Level 1:colcon.colcon_core.package_identification:_identify(/home/hema/helloSFML/CarSim) by extension 'ignore'
[1.169s] Level 1:colcon.colcon_core.package_identification:_identify(/home/hema/helloSFML/CarSim) by extension 'ignore_ament_install'
[1.169s] Level 1:colcon.colcon_core.package_identification:_identify(/home/hema/helloSFML/CarSim) by extensions ['colcon_pkg']
[1.169s] Level 1:colcon.colcon_core.package_identification:_identify(/home/hema/helloSFML/CarSim) by extension 'colcon_pkg'
[1.169s] Level 1:colcon.colcon_core.package_identification:_identify(/home/hema/helloSFML/CarSim) by extensions ['colcon_meta']
[1.170s] Level 1:colcon.colcon_core.package_identification:_identify(/home/hema/helloSFML/CarSim) by extension 'colcon_meta'
[1.170s] Level 1:colcon.colcon_core.package_identification:_identify(/home/hema/helloSFML/CarSim) by extensions ['ros']
[1.170s] Level 1:colcon.colcon_core.package_identification:_identify(/home/hema/helloSFML/CarSim) by extension 'ros'
[1.240s] Level 1:colcon.colcon_core.package_identification:_identify(/home/hema/helloSFML/CarSim) by extensions ['cmake', 'python']
[1.240s] Level 1:colcon.colcon_core.package_identification:_identify(/home/hema/helloSFML/CarSim) by extension 'cmake'
[1.249s] Level 1:colcon.colcon_core.package_identification:_identify(/home/hema/helloSFML/CarSim) by extension 'python'
[1.249s] DEBUG:colcon.colcon_core.package_identification:Package '/home/hema/helloSFML/CarSim' with type 'cmake' and name 'mySFML'
[1.249s] Level 1:colcon.colcon_core.package_discovery:discover_packages(recursive) using defaults
